c:\users\texy6\desktop\hb kits\copilotbuddy2\c++\navigation\debug\vc143.pdb
c:\users\texy6\desktop\hb kits\copilotbuddy2\c++\navigation\debug\pathfinder.obj
c:\users\texy6\desktop\hb kits\copilotbuddy2\c++\navigation\debug\navigation.obj
c:\users\texy6\desktop\hb kits\copilotbuddy2\c++\navigation\debug\movemap.obj
c:\users\texy6\desktop\hb kits\copilotbuddy2\c++\navigation\debug\detournode.obj
c:\users\texy6\desktop\hb kits\copilotbuddy2\c++\navigation\debug\detournavmeshquery.obj
c:\users\texy6\desktop\hb kits\copilotbuddy2\c++\navigation\debug\detournavmeshbuilder.obj
c:\users\texy6\desktop\hb kits\copilotbuddy2\c++\navigation\debug\detournavmesh.obj
c:\users\texy6\desktop\hb kits\copilotbuddy2\c++\navigation\debug\detourcommon.obj
c:\users\texy6\desktop\hb kits\copilotbuddy2\c++\navigation\debug\detouralloc.obj
c:\users\texy6\desktop\hb kits\copilotbuddy2\c++\navigation\debug\dllmain.obj
c:\users\texy6\desktop\hb kits\copilotbuddy2\c++\bot\navigation.dll
c:\users\texy6\desktop\hb kits\copilotbuddy2\c++\bot\navigation.map
c:\users\texy6\desktop\hb kits\copilotbuddy2\c++\bot\navigation.pdb
c:\users\texy6\desktop\hb kits\copilotbuddy2\c++\bot\navigation.lib
c:\users\texy6\desktop\hb kits\copilotbuddy2\c++\bot\navigation.exp
c:\users\texy6\desktop\hb kits\copilotbuddy2\c++\navigation\debug\navigation.tlog\cl.command.1.tlog
c:\users\texy6\desktop\hb kits\copilotbuddy2\c++\navigation\debug\navigation.tlog\cl.items.tlog
c:\users\texy6\desktop\hb kits\copilotbuddy2\c++\navigation\debug\navigation.tlog\cl.read.1.tlog
c:\users\texy6\desktop\hb kits\copilotbuddy2\c++\navigation\debug\navigation.tlog\cl.write.1.tlog
c:\users\texy6\desktop\hb kits\copilotbuddy2\c++\navigation\debug\navigation.tlog\link.command.1.tlog
c:\users\texy6\desktop\hb kits\copilotbuddy2\c++\navigation\debug\navigation.tlog\link.read.1.tlog
c:\users\texy6\desktop\hb kits\copilotbuddy2\c++\navigation\debug\navigation.tlog\link.secondary.1.tlog
c:\users\texy6\desktop\hb kits\copilotbuddy2\c++\navigation\debug\navigation.tlog\link.write.1.tlog
