c:\users\texy\desktop\copilotbuddy\copilotbuddy\.test\c++\navigation\release\detourpathcorridor.obj
c:\users\texy\desktop\copilotbuddy\copilotbuddy\.test\c++\navigation\release\pathresult.obj
c:\users\texy\desktop\copilotbuddy\copilotbuddy\.test\c++\navigation\release\pathfinder.obj
c:\users\texy\desktop\copilotbuddy\copilotbuddy\.test\c++\navigation\release\offmeshmanager.obj
c:\users\texy\desktop\copilotbuddy\copilotbuddy\.test\c++\navigation\release\navbridge.obj
c:\users\texy\desktop\copilotbuddy\copilotbuddy\.test\c++\navigation\release\navigation.obj
c:\users\texy\desktop\copilotbuddy\copilotbuddy\.test\c++\navigation\release\movemap.obj
c:\users\texy\desktop\copilotbuddy\copilotbuddy\.test\c++\navigation\release\detournode.obj
c:\users\texy\desktop\copilotbuddy\copilotbuddy\.test\c++\navigation\release\detournavmeshquery.obj
c:\users\texy\desktop\copilotbuddy\copilotbuddy\.test\c++\navigation\release\detournavmeshbuilder.obj
c:\users\texy\desktop\copilotbuddy\copilotbuddy\.test\c++\navigation\release\detournavmesh.obj
c:\users\texy\desktop\copilotbuddy\copilotbuddy\.test\c++\navigation\release\detourcommon.obj
c:\users\texy\desktop\copilotbuddy\copilotbuddy\.test\c++\navigation\release\detourassert.obj
c:\users\texy\desktop\copilotbuddy\copilotbuddy\.test\c++\navigation\release\detouralloc.obj
c:\users\texy\desktop\copilotbuddy\copilotbuddy\.test\c++\navigation\release\dllmain.obj
c:\users\texy\desktop\copilotbuddy\copilotbuddy\.test\c++\bot\release\navigation.dll
c:\users\texy\desktop\copilotbuddy\copilotbuddy\.test\c++\bot\release\navigation.lib
c:\users\texy\desktop\copilotbuddy\copilotbuddy\.test\c++\bot\release\navigation.exp
c:\users\texy\desktop\copilotbuddy\copilotbuddy\.test\c++\navigation\release\navigation.tlog\cl.command.1.tlog
c:\users\texy\desktop\copilotbuddy\copilotbuddy\.test\c++\navigation\release\navigation.tlog\cl.items.tlog
c:\users\texy\desktop\copilotbuddy\copilotbuddy\.test\c++\navigation\release\navigation.tlog\cl.read.1.tlog
c:\users\texy\desktop\copilotbuddy\copilotbuddy\.test\c++\navigation\release\navigation.tlog\cl.write.1.tlog
c:\users\texy\desktop\copilotbuddy\copilotbuddy\.test\c++\navigation\release\navigation.tlog\link.command.1.tlog
c:\users\texy\desktop\copilotbuddy\copilotbuddy\.test\c++\navigation\release\navigation.tlog\link.read.1.tlog
c:\users\texy\desktop\copilotbuddy\copilotbuddy\.test\c++\navigation\release\navigation.tlog\link.secondary.1.tlog
c:\users\texy\desktop\copilotbuddy\copilotbuddy\.test\c++\navigation\release\navigation.tlog\link.write.1.tlog
